<?xml version="1.0" encoding="UTF-8"?>
<!-- Generated by org.testng.reporters.JUnitReportReporter -->
<testsuite hostname="sunbeam-Inspiron-5520" failures="0" tests="1" name="assignment.FibonacciSeries" time="40.162" errors="0" timestamp="2023-11-22T09:45:44 IST" skipped="0">
  <testcase classname="assignment.FibonacciSeries" name="main" time="40.162"/>
  <system-out/>
</testsuite> <!-- assignment.FibonacciSeries -->
